0 info it worked if it ends with ok
1 verbose cli [ 'C:\\Program Files\\nodejs\\node.exe',
1 verbose cli   'C:\\Program Files\\nodejs\\node_modules\\npm\\bin\\npm-cli.js',
1 verbose cli   'start' ]
2 info using npm@3.3.12
3 info using node@v5.1.0
4 verbose run-script [ 'prestart', 'start', 'poststart' ]
5 info lifecycle OpenShift-Sample-App@1.0.0~prestart: OpenShift-Sample-App@1.0.0
6 silly lifecycle OpenShift-Sample-App@1.0.0~prestart: no script for prestart, continuing
7 info lifecycle OpenShift-Sample-App@1.0.0~start: OpenShift-Sample-App@1.0.0
8 verbose lifecycle OpenShift-Sample-App@1.0.0~start: unsafe-perm in lifecycle true
9 verbose lifecycle OpenShift-Sample-App@1.0.0~start: PATH: C:\Program Files\nodejs\node_modules\npm\bin\node-gyp-bin;c:\Users\zszabolc\Documents\work\applications\eclipse_javascript_workspace\learning\node_modules\.bin;C:\ProgramData\Oracle\Java\javapath;C:\Python27\;C:\Python27\Scripts;C:\app\zszabolc\product\11.2.0\dbhome_1\bin;C:\Program Files\CollabNet\Subversion Client;C:\windows\system32;C:\windows;C:\windows\System32\Wbem;C:\windows\System32\WindowsPowerShell\v1.0\;c:\Program Files\Java\jdk1.6.0_45\bin;C:\Program Files\TortoiseSVN\bin;C:\Program Files\nodejs\;C:\windows\system32\config\systemprofile\.dnx\bin;C:\Program Files\Microsoft DNX\Dnvm\;c:\Program Files (x86)\MSBuild\14.0\Bin\MSBuild.exe;C:\Users\zszabolc\AppData\Local\Programs\Git\cmd;c:\Users\zszabolc\Documents\work\applications\plantuml\Graphviz2.38\bin\dot.exe;C:\Program Files (x86)\MySQL\MySQL Fabric 1.5 & MySQL Utilities 1.5\;C:\Program Files (x86)\MySQL\MySQL Fabric 1.5 & MySQL Utilities 1.5\Doctrine extensions for PHP\;C:\Program Files (x86)\Brackets\command;C:\Program Files (x86)\WebEx\Productivity Tools;C:\Ruby200-x64\bin;C:\Users\zszabolc\AppData\Roaming\npm;c:\Users\zszabolc\Documents\work\applications\plantuml\Graphviz2.38\bin;c:\Users\zszabolc\Documents\work\applications\grails-3.1.5\bin;c:\Users\zszabolc\Documents\work\applications\emacs\bin
10 verbose lifecycle OpenShift-Sample-App@1.0.0~start: CWD: c:\Users\zszabolc\Documents\work\applications\eclipse_javascript_workspace\learning
11 silly lifecycle OpenShift-Sample-App@1.0.0~start: Args: [ '/d /s /c', 'node app.js' ]
12 silly lifecycle OpenShift-Sample-App@1.0.0~start: Returned: code: 1  signal: null
13 info lifecycle OpenShift-Sample-App@1.0.0~start: Failed to exec start script
14 verbose stack Error: OpenShift-Sample-App@1.0.0 start: `node app.js`
14 verbose stack Exit status 1
14 verbose stack     at EventEmitter.<anonymous> (C:\Program Files\nodejs\node_modules\npm\lib\utils\lifecycle.js:232:16)
14 verbose stack     at emitTwo (events.js:87:13)
14 verbose stack     at EventEmitter.emit (events.js:172:7)
14 verbose stack     at ChildProcess.<anonymous> (C:\Program Files\nodejs\node_modules\npm\lib\utils\spawn.js:24:14)
14 verbose stack     at emitTwo (events.js:87:13)
14 verbose stack     at ChildProcess.emit (events.js:172:7)
14 verbose stack     at maybeClose (internal/child_process.js:818:16)
14 verbose stack     at Process.ChildProcess._handle.onexit (internal/child_process.js:211:5)
15 verbose pkgid OpenShift-Sample-App@1.0.0
16 verbose cwd c:\Users\zszabolc\Documents\work\applications\eclipse_javascript_workspace\learning
17 error Windows_NT 6.1.7601
18 error argv "C:\\Program Files\\nodejs\\node.exe" "C:\\Program Files\\nodejs\\node_modules\\npm\\bin\\npm-cli.js" "start"
19 error node v5.1.0
20 error npm  v3.3.12
21 error code ELIFECYCLE
22 error OpenShift-Sample-App@1.0.0 start: `node app.js`
22 error Exit status 1
23 error Failed at the OpenShift-Sample-App@1.0.0 start script 'node app.js'.
23 error Make sure you have the latest version of node.js and npm installed.
23 error If you do, this is most likely a problem with the OpenShift-Sample-App package,
23 error not with npm itself.
23 error Tell the author that this fails on your system:
23 error     node app.js
23 error You can get their info via:
23 error     npm owner ls OpenShift-Sample-App
23 error There is likely additional logging output above.
24 verbose exit [ 1, true ]
